0 info it worked if it ends with ok
1 verbose cli [ '/usr/local/bin/node',
1 verbose cli   '/usr/local/bin/npm',
1 verbose cli   'install',
1 verbose cli   '-g',
1 verbose cli   'sequelize-cli' ]
2 info using npm@2.15.9
3 info using node@v4.5.0
4 verbose install initial load of /usr/local/lib/package.json
5 verbose readDependencies loading dependencies from /usr/local/lib/package.json
6 silly cache add args [ 'sequelize-cli', null ]
7 verbose cache add spec sequelize-cli
8 silly cache add parsed spec Result {
8 silly cache add   raw: 'sequelize-cli',
8 silly cache add   scope: null,
8 silly cache add   name: 'sequelize-cli',
8 silly cache add   rawSpec: '',
8 silly cache add   spec: 'latest',
8 silly cache add   type: 'tag' }
9 silly addNamed sequelize-cli@latest
10 verbose addNamed "latest" is being treated as a dist-tag for sequelize-cli
11 info addNameTag [ 'sequelize-cli', 'latest' ]
12 silly mapToRegistry name sequelize-cli
13 silly mapToRegistry using default registry
14 silly mapToRegistry registry https://registry.npmjs.org/
15 silly mapToRegistry data Result {
15 silly mapToRegistry   raw: 'sequelize-cli',
15 silly mapToRegistry   scope: null,
15 silly mapToRegistry   name: 'sequelize-cli',
15 silly mapToRegistry   rawSpec: '',
15 silly mapToRegistry   spec: 'latest',
15 silly mapToRegistry   type: 'tag' }
16 silly mapToRegistry uri https://registry.npmjs.org/sequelize-cli
17 verbose addNameTag registry:https://registry.npmjs.org/sequelize-cli not in flight; fetching
18 verbose request uri https://registry.npmjs.org/sequelize-cli
19 verbose request no auth needed
20 info attempt registry request try #1 at 8:52:19 PM
21 verbose request id 102ef549d17f6626
22 http request GET https://registry.npmjs.org/sequelize-cli
23 http 200 https://registry.npmjs.org/sequelize-cli
24 verbose headers { server: 'nginx/1.10.1',
24 verbose headers   'content-type': 'application/json',
24 verbose headers   'last-modified': 'Mon, 25 Apr 2016 04:32:23 GMT',
24 verbose headers   etag: 'W/"571d9dd7-160df"',
24 verbose headers   'content-encoding': 'gzip',
24 verbose headers   'cache-control': 'max-age=300',
24 verbose headers   'content-length': '9900',
24 verbose headers   'accept-ranges': 'bytes',
24 verbose headers   date: 'Thu, 17 Nov 2016 01:52:20 GMT',
24 verbose headers   via: '1.1 varnish',
24 verbose headers   age: '0',
24 verbose headers   connection: 'keep-alive',
24 verbose headers   'x-served-by': 'cache-jfk8130-JFK',
24 verbose headers   'x-cache': 'HIT',
24 verbose headers   'x-cache-hits': '1',
24 verbose headers   'x-timer': 'S1479347540.010943,VS0,VE66',
24 verbose headers   vary: 'Accept-Encoding' }
25 silly get cb [ 200,
25 silly get   { server: 'nginx/1.10.1',
25 silly get     'content-type': 'application/json',
25 silly get     'last-modified': 'Mon, 25 Apr 2016 04:32:23 GMT',
25 silly get     etag: 'W/"571d9dd7-160df"',
25 silly get     'content-encoding': 'gzip',
25 silly get     'cache-control': 'max-age=300',
25 silly get     'content-length': '9900',
25 silly get     'accept-ranges': 'bytes',
25 silly get     date: 'Thu, 17 Nov 2016 01:52:20 GMT',
25 silly get     via: '1.1 varnish',
25 silly get     age: '0',
25 silly get     connection: 'keep-alive',
25 silly get     'x-served-by': 'cache-jfk8130-JFK',
25 silly get     'x-cache': 'HIT',
25 silly get     'x-cache-hits': '1',
25 silly get     'x-timer': 'S1479347540.010943,VS0,VE66',
25 silly get     vary: 'Accept-Encoding' } ]
26 verbose get saving sequelize-cli to /Users/harikakasireddy/.npm/registry.npmjs.org/sequelize-cli/.cache.json
27 verbose correctMkdir /Users/harikakasireddy/.npm correctMkdir not in flight; initializing
28 silly addNameTag next cb for sequelize-cli with tag latest
29 silly addNamed sequelize-cli@2.4.0
30 verbose addNamed "2.4.0" is a plain semver version for sequelize-cli
31 silly mapToRegistry name sequelize-cli
32 silly mapToRegistry using default registry
33 silly mapToRegistry registry https://registry.npmjs.org/
34 silly mapToRegistry data Result {
34 silly mapToRegistry   raw: 'sequelize-cli',
34 silly mapToRegistry   scope: null,
34 silly mapToRegistry   name: 'sequelize-cli',
34 silly mapToRegistry   rawSpec: '',
34 silly mapToRegistry   spec: 'latest',
34 silly mapToRegistry   type: 'tag' }
35 silly mapToRegistry uri https://registry.npmjs.org/sequelize-cli
36 verbose addRemoteTarball https://registry.npmjs.org/sequelize-cli/-/sequelize-cli-2.4.0.tgz not in flight; adding
37 verbose addRemoteTarball [ 'https://registry.npmjs.org/sequelize-cli/-/sequelize-cli-2.4.0.tgz',
37 verbose addRemoteTarball   'b82e02708c7cdf628e9e6de4176f1adcd6ecdd8b' ]
38 info retry fetch attempt 1 at 8:52:20 PM
39 info attempt registry request try #1 at 8:52:20 PM
40 http fetch GET https://registry.npmjs.org/sequelize-cli/-/sequelize-cli-2.4.0.tgz
41 http fetch 200 https://registry.npmjs.org/sequelize-cli/-/sequelize-cli-2.4.0.tgz
42 silly fetchAndShaCheck shasum b82e02708c7cdf628e9e6de4176f1adcd6ecdd8b
43 verbose addTmpTarball /var/folders/vt/brpm3jhj60l47w396gfpc_6h0000gn/T/npm-29410-29c655dc/registry.npmjs.org/sequelize-cli/-/sequelize-cli-2.4.0.tgz not in flight; adding
44 verbose addTmpTarball already have metadata; skipping unpack for sequelize-cli@2.4.0
45 verbose correctMkdir /Users/harikakasireddy/.npm correctMkdir not in flight; initializing
46 silly cache afterAdd sequelize-cli@2.4.0
47 verbose afterAdd /Users/harikakasireddy/.npm/sequelize-cli/2.4.0/package/package.json not in flight; writing
48 verbose correctMkdir /Users/harikakasireddy/.npm correctMkdir not in flight; initializing
49 verbose afterAdd /Users/harikakasireddy/.npm/sequelize-cli/2.4.0/package/package.json written
50 silly install resolved [ { name: 'sequelize-cli',
50 silly install resolved     version: '2.4.0',
50 silly install resolved     description: 'The sequelize CLI.',
50 silly install resolved     main: 'index.js',
50 silly install resolved     dependencies:
50 silly install resolved      { bluebird: '^3.3.4',
50 silly install resolved        'cli-color': '~0.3.2',
50 silly install resolved        'findup-sync': '^0.4.0',
50 silly install resolved        'fs-extra': '^0.28.0',
50 silly install resolved        gulp: '^3.9.1',
50 silly install resolved        'gulp-help': '~1.6.1',
50 silly install resolved        'js-beautify': '^1.5.4',
50 silly install resolved        lodash: '^4.10.0',
50 silly install resolved        moment: '^2.12.0',
50 silly install resolved        resolve: '^1.0.0',
50 silly install resolved        umzug: '^1.9.1',
50 silly install resolved        yargs: '^4.2.0' },
50 silly install resolved     devDependencies:
50 silly install resolved      { 'coffee-script': '^1.9.0',
50 silly install resolved        'expect.js': '~0.3.1',
50 silly install resolved        'gulp-jscs': '^1.5.1',
50 silly install resolved        'gulp-jshint': '^1.10.0',
50 silly install resolved        'gulp-jshint-instafail': '^1.0.0',
50 silly install resolved        'gulp-mocha': '^2.0.0',
50 silly install resolved        js2coffee: '^2.0.0',
50 silly install resolved        'jshint-stylish': '^1.0.0',
50 silly install resolved        mocha: '^2.4.2',
50 silly install resolved        mysql: '^2.5.4',
50 silly install resolved        nodeify: '^1.0.0',
50 silly install resolved        pg: '^4.2.0',
50 silly install resolved        'pg-hstore': '^2.3.1',
50 silly install resolved        'run-sequence': '^1.0.2',
50 silly install resolved        sequelize: '^3.19.2',
50 silly install resolved        sqlite3: '^3.0.4',
50 silly install resolved        through2: '^2.0.1' },
50 silly install resolved     scripts: { test: 'gulp' },
50 silly install resolved     repository: { type: 'git', url: 'git://github.com/sequelize/cli.git' },
50 silly install resolved     keywords: [ 'sequelize', 'cli' ],
50 silly install resolved     author: { name: 'Sascha Depold' },
50 silly install resolved     license: 'MIT',
50 silly install resolved     bugs: { url: 'https://github.com/sequelize/cli/issues' },
50 silly install resolved     homepage: 'https://github.com/sequelize/cli',
50 silly install resolved     bin: { sequelize: 'bin/sequelize' },
50 silly install resolved     gitHead: '58856cb1b1c2fef8ad9e45f852f4d036f49dd4b8',
50 silly install resolved     _id: 'sequelize-cli@2.4.0',
50 silly install resolved     _shasum: 'b82e02708c7cdf628e9e6de4176f1adcd6ecdd8b',
50 silly install resolved     _from: 'sequelize-cli@latest',
50 silly install resolved     _npmVersion: '2.14.12',
50 silly install resolved     _nodeVersion: '4.3.1',
50 silly install resolved     _npmUser: { name: 'sdepold', email: 'sascha@depold.com' },
50 silly install resolved     dist:
50 silly install resolved      { shasum: 'b82e02708c7cdf628e9e6de4176f1adcd6ecdd8b',
50 silly install resolved        tarball: 'https://registry.npmjs.org/sequelize-cli/-/sequelize-cli-2.4.0.tgz' },
50 silly install resolved     maintainers: [ [Object], [Object] ],
50 silly install resolved     _npmOperationalInternal:
50 silly install resolved      { host: 'packages-16-east.internal.npmjs.com',
50 silly install resolved        tmp: 'tmp/sequelize-cli-2.4.0.tgz_1461558741388_0.4918973802123219' },
50 silly install resolved     directories: {},
50 silly install resolved     _resolved: 'https://registry.npmjs.org/sequelize-cli/-/sequelize-cli-2.4.0.tgz' } ]
51 info install sequelize-cli@2.4.0 into /usr/local/lib
52 info installOne sequelize-cli@2.4.0
53 verbose installOne of sequelize-cli to /usr/local/lib not in flight; installing
54 verbose correctMkdir /Users/harikakasireddy/.npm/_locks correctMkdir not in flight; initializing
55 verbose lock using /Users/harikakasireddy/.npm/_locks/sequelize-cli-cb6daac46981d0a8.lock for /usr/local/lib/node_modules/sequelize-cli
56 silly install write writing sequelize-cli 2.4.0 to /usr/local/lib/node_modules/sequelize-cli
57 verbose unbuild lib/node_modules/sequelize-cli
58 silly gentlyRm /usr/local/lib/node_modules/sequelize-cli is being purged from base /usr/local
59 verbose gentlyRm don't care about contents; nuking /usr/local/lib/node_modules/sequelize-cli
60 verbose tar unpack /Users/harikakasireddy/.npm/sequelize-cli/2.4.0/package.tgz
61 verbose tar unpacking to /usr/local/lib/node_modules/sequelize-cli
62 silly gentlyRm /usr/local/lib/node_modules/sequelize-cli is being purged
63 verbose gentlyRm don't care about contents; nuking /usr/local/lib/node_modules/sequelize-cli
64 silly gunzTarPerm modes [ '755', '644' ]
65 error tar.unpack untar error /Users/harikakasireddy/.npm/sequelize-cli/2.4.0/package.tgz
66 verbose unlock done using /Users/harikakasireddy/.npm/_locks/sequelize-cli-cb6daac46981d0a8.lock for /usr/local/lib/node_modules/sequelize-cli
67 verbose fstream_path /usr/local/lib/node_modules/sequelize-cli
68 verbose fstream_type Directory
69 verbose fstream_class DirWriter
70 verbose stack Error: EACCES: permission denied, mkdir '/usr/local/lib/node_modules/sequelize-cli'
70 verbose stack     at Error (native)
71 verbose fstream_stack /usr/local/lib/node_modules/npm/node_modules/fstream/lib/dir-writer.js:35:25
71 verbose fstream_stack /usr/local/lib/node_modules/npm/node_modules/mkdirp/index.js:47:53
71 verbose fstream_stack FSReqWrap.oncomplete (fs.js:82:15)
72 verbose cwd /Users/harikakasireddy/Desktop/Bootcamp/SequelizedBurger1
73 error Darwin 15.5.0
74 error argv "/usr/local/bin/node" "/usr/local/bin/npm" "install" "-g" "sequelize-cli"
75 error node v4.5.0
76 error npm  v2.15.9
77 error path /usr/local/lib/node_modules/sequelize-cli
78 error code EACCES
79 error errno -13
80 error syscall mkdir
81 error Error: EACCES: permission denied, mkdir '/usr/local/lib/node_modules/sequelize-cli'
81 error     at Error (native)
81 error  { [Error: EACCES: permission denied, mkdir '/usr/local/lib/node_modules/sequelize-cli']
81 error   errno: -13,
81 error   code: 'EACCES',
81 error   syscall: 'mkdir',
81 error   path: '/usr/local/lib/node_modules/sequelize-cli',
81 error   fstream_type: 'Directory',
81 error   fstream_path: '/usr/local/lib/node_modules/sequelize-cli',
81 error   fstream_class: 'DirWriter',
81 error   fstream_stack:
81 error    [ '/usr/local/lib/node_modules/npm/node_modules/fstream/lib/dir-writer.js:35:25',
81 error      '/usr/local/lib/node_modules/npm/node_modules/mkdirp/index.js:47:53',
81 error      'FSReqWrap.oncomplete (fs.js:82:15)' ] }
82 error Please try running this command again as root/Administrator.
83 verbose exit [ -13, true ]
84 verbose unbuild lib/node_modules/sequelize-cli
85 silly gentlyRm /usr/local/lib/node_modules/sequelize-cli is being purged from base /usr/local
86 verbose gentlyRm don't care about contents; nuking /usr/local/lib/node_modules/sequelize-cli
